# JRE version: Java(TM) SE Runtime Environment (8.0_191-b12) (build 1.8.0_191-b12)
# Java VM: Java HotSpot(TM) Client VM (25.191-b12 mixed mode windows-x86 )
Heap:
 def new generation   total 157248K, used 157247K [0x04e00000, 0x0f8a0000, 0x0f8a0000)
  eden space 139776K,  99% used [0x04e00000, 0x0d67fff8, 0x0d680000)
  from space 17472K, 100% used [0x0d680000, 0x0e790000, 0x0e790000)
  to   space 17472K,   0% used [0x0e790000, 0x0e790000, 0x0f8a0000)
 tenured generation   total 349568K, used 349567K [0x0f8a0000, 0x24e00000, 0x24e00000)
   the space 349568K,  99% used [0x0f8a0000, 0x24dffff0, 0x24e00000, 0x24e00000)
 Metaspace       used 25364K, capacity 25907K, committed 26112K, reserved 27008K
GC Heap History (10 events):
Event: 2327.755 GC heap before
{Heap before GC invocations=1000 (full 563):
 def new generation   total 157248K, used 157246K [0x04e00000, 0x0f8a0000, 0x0f8a0000)
  eden space 139776K, 100% used [0x04e00000, 0x0d680000, 0x0d680000)
  from space 17472K,  99% used [0x0d680000, 0x0e78fb20, 0x0e790000)
  to   space 17472K,   0% used [0x0e790000, 0x0e790000, 0x0f8a0000)
 tenured generation   total 349568K, used 349568K [0x0f8a0000, 0x24e00000, 0x24e00000)
   the space 349568K, 100% used [0x0f8a0000, 0x24e00000, 0x24e00000, 0x24e00000)
 Metaspace       used 25364K, capacity 25907K, committed 26112K, reserved 27008K
Event: 2328.199 GC heap after
Heap after GC invocations=1001 (full 564):
 def new generation   total 157248K, used 157246K [0x04e00000, 0x0f8a0000, 0x0f8a0000)
  eden space 139776K, 100% used [0x04e00000, 0x0d680000, 0x0d680000)
  from space 17472K,  99% used [0x0d680000, 0x0e78fb20, 0x0e790000)
  to   space 17472K,   0% used [0x0e790000, 0x0e790000, 0x0f8a0000)
 tenured generation   total 349568K, used 349567K [0x0f8a0000, 0x24e00000, 0x24e00000)
   the space 349568K,  99% used [0x0f8a0000, 0x24dffff0, 0x24e00000, 0x24e00000)
 Metaspace       used 25364K, capacity 25907K, committed 26112K, reserved 27008K
}
Event: 2328.199 GC heap before
{Heap before GC invocations=1001 (full 564):
 def new generation   total 157248K, used 157247K [0x04e00000, 0x0f8a0000, 0x0f8a0000)
  eden space 139776K, 100% used [0x04e00000, 0x0d680000, 0x0d680000)
  from space 17472K,  99% used [0x0d680000, 0x0e78ffe8, 0x0e790000)
  to   space 17472K,   0% used [0x0e790000, 0x0e790000, 0x0f8a0000)
 tenured generation   total 349568K, used 349567K [0x0f8a0000, 0x24e00000, 0x24e00000)
   the space 349568K,  99% used [0x0f8a0000, 0x24dffff0, 0x24e00000, 0x24e00000)
 Metaspace       used 25364K, capacity 25907K, committed 26112K, reserved 27008K
Event: 2328.646 GC heap after
Heap after GC invocations=1002 (full 565):
 def new generation   total 157248K, used 157242K [0x04e00000, 0x0f8a0000, 0x0f8a0000)
  eden space 139776K,  99% used [0x04e00000, 0x0d67ffc0, 0x0d680000)
  from space 17472K,  99% used [0x0d680000, 0x0e78e8b0, 0x0e790000)
  to   space 17472K,   0% used [0x0e790000, 0x0e790000, 0x0f8a0000)
 tenured generation   total 349568K, used 349567K [0x0f8a0000, 0x24e00000, 0x24e00000)
   the space 349568K,  99% used [0x0f8a0000, 0x24dffff0, 0x24e00000, 0x24e00000)
 Metaspace       used 25364K, capacity 25907K, committed 26112K, reserved 27008K
}
Event: 2328.646 GC heap before
{Heap before GC invocations=1002 (full 565):
 def new generation   total 157248K, used 157247K [0x04e00000, 0x0f8a0000, 0x0f8a0000)
  eden space 139776K,  99% used [0x04e00000, 0x0d67ffe8, 0x0d680000)
  from space 17472K,  99% used [0x0d680000, 0x0e78ff48, 0x0e790000)
  to   space 17472K,   0% used [0x0e790000, 0x0e790000, 0x0f8a0000)
 tenured generation   total 349568K, used 349567K [0x0f8a0000, 0x24e00000, 0x24e00000)
   the space 349568K,  99% used [0x0f8a0000, 0x24dffff0, 0x24e00000, 0x24e00000)
 Metaspace       used 25364K, capacity 25907K, committed 26112K, reserved 27008K
Event: 2329.093 GC heap after
Heap after GC invocations=1003 (full 566):
 def new generation   total 157248K, used 157242K [0x04e00000, 0x0f8a0000, 0x0f8a0000)
  eden space 139776K,  99% used [0x04e00000, 0x0d67ffe8, 0x0d680000)
  from space 17472K,  99% used [0x0d680000, 0x0e78e8c0, 0x0e790000)
  to   space 17472K,   0% used [0x0e790000, 0x0e790000, 0x0f8a0000)
 tenured generation   total 349568K, used 349567K [0x0f8a0000, 0x24e00000, 0x24e00000)
   the space 349568K,  99% used [0x0f8a0000, 0x24dffff0, 0x24e00000, 0x24e00000)
 Metaspace       used 25364K, capacity 25907K, committed 26112K, reserved 27008K
}
Event: 2329.093 GC heap before
{Heap before GC invocations=1003 (full 566):
 def new generation   total 157248K, used 157244K [0x04e00000, 0x0f8a0000, 0x0f8a0000)
  eden space 139776K,  99% used [0x04e00000, 0x0d67fff8, 0x0d680000)
  from space 17472K,  99% used [0x0d680000, 0x0e78f1e0, 0x0e790000)
  to   space 17472K,   0% used [0x0e790000, 0x0e790000, 0x0f8a0000)
 tenured generation   total 349568K, used 349567K [0x0f8a0000, 0x24e00000, 0x24e00000)
   the space 349568K,  99% used [0x0f8a0000, 0x24dffff0, 0x24e00000, 0x24e00000)
 Metaspace       used 25364K, capacity 25907K, committed 26112K, reserved 27008K
Event: 2329.536 GC heap after
Heap after GC invocations=1004 (full 567):
 def new generation   total 157248K, used 157238K [0x04e00000, 0x0f8a0000, 0x0f8a0000)
  eden space 139776K,  99% used [0x04e00000, 0x0d67fff8, 0x0d680000)
  from space 17472K,  99% used [0x0d680000, 0x0e78da68, 0x0e790000)
  to   space 17472K,   0% used [0x0e790000, 0x0e790000, 0x0f8a0000)
 tenured generation   total 349568K, used 349567K [0x0f8a0000, 0x24e00000, 0x24e00000)
   the space 349568K,  99% used [0x0f8a0000, 0x24dffff0, 0x24e00000, 0x24e00000)
 Metaspace       used 25364K, capacity 25907K, committed 26112K, reserved 27008K
}
Event: 2329.536 GC heap before
{Heap before GC invocations=1004 (full 567):
 def new generation   total 157248K, used 157238K [0x04e00000, 0x0f8a0000, 0x0f8a0000)
  eden space 139776K,  99% used [0x04e00000, 0x0d67fff8, 0x0d680000)
  from space 17472K,  99% used [0x0d680000, 0x0e78da68, 0x0e790000)
  to   space 17472K,   0% used [0x0e790000, 0x0e790000, 0x0f8a0000)
 tenured generation   total 349568K, used 349567K [0x0f8a0000, 0x24e00000, 0x24e00000)
   the space 349568K,  99% used [0x0f8a0000, 0x24dffff0, 0x24e00000, 0x24e00000)
 Metaspace       used 25364K, capacity 25907K, committed 26112K, reserved 27008K
Event: 2329.980 GC heap after
Heap after GC invocations=1005 (full 568):
 def new generation   total 157248K, used 157238K [0x04e00000, 0x0f8a0000, 0x0f8a0000)
  eden space 139776K,  99% used [0x04e00000, 0x0d67fff8, 0x0d680000)
  from space 17472K,  99% used [0x0d680000, 0x0e78da68, 0x0e790000)
  to   space 17472K,   0% used [0x0e790000, 0x0e790000, 0x0f8a0000)
 tenured generation   total 349568K, used 349567K [0x0f8a0000, 0x24e00000, 0x24e00000)
   the space 349568K,  99% used [0x0f8a0000, 0x24dffff0, 0x24e00000, 0x24e00000)
 Metaspace       used 25364K, capacity 25907K, committed 26112K, reserved 27008K
}

